{
  "team_name": "mustard-claw",
  "digest_path": "D:\\codes\\Mustard\\memory\\daily\\2026-03-23.md",
  "proposal_paths": [
    "D:\\codes\\Mustard\\backlog\\proposals\\20260323T080624Z_scale_pretraining_corpus_from_real_episodes.md",
    "D:\\codes\\Mustard\\backlog\\proposals\\20260323T080624Z_expand_real_prompt_regression_coverage.md",
    "D:\\codes\\Mustard\\backlog\\proposals\\20260323T080624Z_kickstart_desktop_bridge_feedback_loop.md"
  ],
  "proposal_count": 3,
  "alerts": [],
  "direction_review": {
    "owner": "arbiter",
    "verdict": "direction_correct",
    "reasons": [],
    "escalate_to_human": false
  }
}
{
  "team_name": "mustard-claw",
  "digest_path": "D:\\codes\\Mustard\\memory\\daily\\2026-03-23.md",
  "proposal_paths": [
    "D:\\codes\\Mustard\\backlog\\proposals\\20260323T082101Z_scale_pretraining_corpus_from_real_episodes.md",
    "D:\\codes\\Mustard\\backlog\\proposals\\20260323T082101Z_expand_real_prompt_regression_coverage.md",
    "D:\\codes\\Mustard\\backlog\\proposals\\20260323T082101Z_kickstart_desktop_bridge_feedback_loop.md"
  ],
  "proposal_count": 3,
  "alerts": [],
  "direction_review": {
    "owner": "arbiter",
    "verdict": "direction_correct",
    "reasons": [],
    "escalate_to_human": false
  }
}
